2016/10/06 09:54:47 [error] [exception.CException] exception 'CException' with message 'Property "SiteController.index" is not defined.' in C:\xampp\htdocs\Yii\framework\base\CComponent.php:130
Stack trace:
#0 C:\xampp\htdocs\ensbodas\protected\views\layouts\main.php(30): CComponent->__get('index')
#1 C:\xampp\htdocs\Yii\framework\web\CBaseController.php(126): require('C:\\xampp\\htdocs...')
#2 C:\xampp\htdocs\Yii\framework\web\CBaseController.php(95): CBaseController->renderInternal('C:\\xampp\\htdocs...', Array, true)
#3 C:\xampp\htdocs\Yii\framework\web\widgets\CContentDecorator.php(76): CBaseController->renderFile('C:\\xampp\\htdocs...', Array, true)
#4 C:\xampp\htdocs\Yii\framework\web\widgets\CContentDecorator.php(54): CContentDecorator->decorate('<div id="conten...')
#5 C:\xampp\htdocs\Yii\framework\web\widgets\COutputProcessor.php(44): CContentDecorator->processOutput('<div id="conten...')
#6 C:\xampp\htdocs\Yii\framework\web\CBaseController.php(206): COutputProcessor->run()
#7 C:\xampp\htdocs\Yii\framework\web\CBaseController.php(300): CBaseController->endWidget('CContentDecorat...')
#8 C:\xampp\htdocs\ensbodas\protected\views\layouts\column1.php(6): CBaseController->endContent()
#9 C:\xampp\htdocs\Yii\framework\web\CBaseController.php(126): require('C:\\xampp\\htdocs...')
#10 C:\xampp\htdocs\Yii\framework\web\CBaseController.php(95): CBaseController->renderInternal('C:\\xampp\\htdocs...', Array, true)
#11 C:\xampp\htdocs\Yii\framework\web\CController.php(784): CBaseController->renderFile('C:\\xampp\\htdocs...', Array, true)
#12 C:\xampp\htdocs\ensbodas\protected\controllers\SiteController.php(32): CController->render('index')
#13 C:\xampp\htdocs\Yii\framework\web\actions\CInlineAction.php(49): SiteController->actionIndex()
#14 C:\xampp\htdocs\Yii\framework\web\CController.php(308): CInlineAction->runWithParams(Array)
#15 C:\xampp\htdocs\Yii\framework\web\CController.php(286): CController->runAction(Object(CInlineAction))
#16 C:\xampp\htdocs\Yii\framework\web\CController.php(265): CController->runActionWithFilters(Object(CInlineAction), Array)
#17 C:\xampp\htdocs\Yii\framework\web\CWebApplication.php(282): CController->run('')
#18 C:\xampp\htdocs\Yii\framework\web\CWebApplication.php(141): CWebApplication->runController('')
#19 C:\xampp\htdocs\Yii\framework\base\CApplication.php(169): CWebApplication->processRequest()
#20 C:\xampp\htdocs\ensbodas\index.php(13): CApplication->run()
#21 {main}
REQUEST_URI=/ensbodas/
---
2016/10/06 09:58:06 [error] [exception.CException] exception 'CException' with message 'Property "SiteController._id" is not defined.' in C:\xampp\htdocs\Yii\framework\base\CComponent.php:130
Stack trace:
#0 C:\xampp\htdocs\ensbodas\protected\views\layouts\main.php(30): CComponent->__get('_id')
#1 C:\xampp\htdocs\Yii\framework\web\CBaseController.php(126): require('C:\\xampp\\htdocs...')
#2 C:\xampp\htdocs\Yii\framework\web\CBaseController.php(95): CBaseController->renderInternal('C:\\xampp\\htdocs...', Array, true)
#3 C:\xampp\htdocs\Yii\framework\web\widgets\CContentDecorator.php(76): CBaseController->renderFile('C:\\xampp\\htdocs...', Array, true)
#4 C:\xampp\htdocs\Yii\framework\web\widgets\CContentDecorator.php(54): CContentDecorator->decorate('<div id="conten...')
#5 C:\xampp\htdocs\Yii\framework\web\widgets\COutputProcessor.php(44): CContentDecorator->processOutput('<div id="conten...')
#6 C:\xampp\htdocs\Yii\framework\web\CBaseController.php(206): COutputProcessor->run()
#7 C:\xampp\htdocs\Yii\framework\web\CBaseController.php(300): CBaseController->endWidget('CContentDecorat...')
#8 C:\xampp\htdocs\ensbodas\protected\views\layouts\column1.php(6): CBaseController->endContent()
#9 C:\xampp\htdocs\Yii\framework\web\CBaseController.php(126): require('C:\\xampp\\htdocs...')
#10 C:\xampp\htdocs\Yii\framework\web\CBaseController.php(95): CBaseController->renderInternal('C:\\xampp\\htdocs...', Array, true)
#11 C:\xampp\htdocs\Yii\framework\web\CController.php(784): CBaseController->renderFile('C:\\xampp\\htdocs...', Array, true)
#12 C:\xampp\htdocs\ensbodas\protected\controllers\SiteController.php(32): CController->render('index')
#13 C:\xampp\htdocs\Yii\framework\web\actions\CInlineAction.php(49): SiteController->actionIndex()
#14 C:\xampp\htdocs\Yii\framework\web\CController.php(308): CInlineAction->runWithParams(Array)
#15 C:\xampp\htdocs\Yii\framework\web\CController.php(286): CController->runAction(Object(CInlineAction))
#16 C:\xampp\htdocs\Yii\framework\web\CController.php(265): CController->runActionWithFilters(Object(CInlineAction), Array)
#17 C:\xampp\htdocs\Yii\framework\web\CWebApplication.php(282): CController->run('')
#18 C:\xampp\htdocs\Yii\framework\web\CWebApplication.php(141): CWebApplication->runController('')
#19 C:\xampp\htdocs\Yii\framework\base\CApplication.php(169): CWebApplication->processRequest()
#20 C:\xampp\htdocs\ensbodas\index.php(13): CApplication->run()
#21 {main}
REQUEST_URI=/ensbodas/
---
2016/10/06 10:04:20 [error] [php] Object of class CInlineAction could not be converted to string (C:\xampp\htdocs\ensbodas\protected\views\layouts\main.php:31)
Stack trace:
#0 C:\xampp\htdocs\Yii\framework\web\widgets\CContentDecorator.php(76): SiteController->renderFile()
#1 C:\xampp\htdocs\Yii\framework\web\widgets\CContentDecorator.php(54): CContentDecorator->decorate()
#2 C:\xampp\htdocs\Yii\framework\web\widgets\COutputProcessor.php(44): CContentDecorator->processOutput()
#3 C:\xampp\htdocs\Yii\framework\web\CBaseController.php(206): CContentDecorator->run()
#4 C:\xampp\htdocs\Yii\framework\web\CBaseController.php(300): SiteController->endWidget()
#5 C:\xampp\htdocs\ensbodas\protected\views\layouts\column1.php(6): SiteController->endContent()
#6 C:\xampp\htdocs\Yii\framework\web\CBaseController.php(126): require()
#7 C:\xampp\htdocs\Yii\framework\web\CBaseController.php(95): SiteController->renderInternal()
#8 C:\xampp\htdocs\Yii\framework\web\CController.php(784): SiteController->renderFile()
#9 C:\xampp\htdocs\ensbodas\protected\controllers\SiteController.php(32): SiteController->render()
#10 C:\xampp\htdocs\Yii\framework\web\actions\CInlineAction.php(49): SiteController->actionIndex()
#11 C:\xampp\htdocs\Yii\framework\web\CController.php(308): CInlineAction->runWithParams()
#12 C:\xampp\htdocs\Yii\framework\web\CController.php(286): SiteController->runAction()
#13 C:\xampp\htdocs\Yii\framework\web\CController.php(265): SiteController->runActionWithFilters()
#14 C:\xampp\htdocs\Yii\framework\web\CWebApplication.php(282): SiteController->run()
#15 C:\xampp\htdocs\Yii\framework\web\CWebApplication.php(141): CWebApplication->runController()
#16 C:\xampp\htdocs\Yii\framework\base\CApplication.php(169): CWebApplication->processRequest()
#17 C:\xampp\htdocs\ensbodas\index.php(13): CWebApplication->run()
REQUEST_URI=/ensbodas/index.php/site/index
in C:\xampp\htdocs\ensbodas\protected\views\layouts\main.php (31)
in C:\xampp\htdocs\ensbodas\protected\views\layouts\column1.php (6)
in C:\xampp\htdocs\ensbodas\protected\controllers\SiteController.php (32)
